c:\users\nghoa\desktop\mrgimmickvippro\mrgimmickvippro\debug\vc142.pdb
c:\users\nghoa\desktop\mrgimmickvippro\mrgimmickvippro\debug\vc142.idb
c:\users\nghoa\desktop\mrgimmickvippro\mrgimmickvippro\debug\portal.obj
c:\users\nghoa\desktop\mrgimmickvippro\mrgimmickvippro\debug\longneckedbird.obj
c:\users\nghoa\desktop\mrgimmickvippro\mrgimmickvippro\debug\pinkworm.obj
c:\users\nghoa\desktop\mrgimmickvippro\mrgimmickvippro\debug\jar.obj
c:\users\nghoa\desktop\mrgimmickvippro\mrgimmickvippro\debug\item.obj
c:\users\nghoa\desktop\mrgimmickvippro\mrgimmickvippro\debug\camera.obj
c:\users\nghoa\desktop\mrgimmickvippro\mrgimmickvippro\debug\bigprize.obj
c:\users\nghoa\desktop\mrgimmickvippro\mrgimmickvippro\debug\giantblackbug.obj
c:\users\nghoa\desktop\mrgimmickvippro\mrgimmickvippro\debug\hangingelevator.obj
c:\users\nghoa\desktop\mrgimmickvippro\mrgimmickvippro\debug\gunmachine.obj
c:\users\nghoa\desktop\mrgimmickvippro\mrgimmickvippro\debug\hangingmachine.obj
c:\users\nghoa\desktop\mrgimmickvippro\mrgimmickvippro\debug\greenfatstuff.obj
c:\users\nghoa\desktop\mrgimmickvippro\mrgimmickvippro\debug\enemy.obj
c:\users\nghoa\desktop\mrgimmickvippro\mrgimmickvippro\debug\dynamicobject.obj
c:\users\nghoa\desktop\mrgimmickvippro\mrgimmickvippro\debug\boat.obj
c:\users\nghoa\desktop\mrgimmickvippro\mrgimmickvippro\debug\boss.obj
c:\users\nghoa\desktop\mrgimmickvippro\mrgimmickvippro\debug\brownstuff.obj
c:\users\nghoa\desktop\mrgimmickvippro\mrgimmickvippro\debug\jumpingcommandbox.obj
c:\users\nghoa\desktop\mrgimmickvippro\mrgimmickvippro\debug\blackman.obj
c:\users\nghoa\desktop\mrgimmickvippro\mrgimmickvippro\debug\animations.obj
c:\users\nghoa\desktop\mrgimmickvippro\mrgimmickvippro\debug\scenemanager.obj
c:\users\nghoa\desktop\mrgimmickvippro\mrgimmickvippro\debug\scence.obj
c:\users\nghoa\desktop\mrgimmickvippro\mrgimmickvippro\debug\quadtree.obj
c:\users\nghoa\desktop\mrgimmickvippro\mrgimmickvippro\debug\playscence.obj
c:\users\nghoa\desktop\mrgimmickvippro\mrgimmickvippro\debug\player.obj
c:\users\nghoa\desktop\mrgimmickvippro\mrgimmickvippro\debug\node.obj
c:\users\nghoa\desktop\mrgimmickvippro\mrgimmickvippro\debug\main.obj
c:\users\nghoa\desktop\mrgimmickvippro\mrgimmickvippro\debug\ground.obj
c:\users\nghoa\desktop\mrgimmickvippro\mrgimmickvippro\debug\gameobject.obj
c:\users\nghoa\desktop\mrgimmickvippro\mrgimmickvippro\debug\game.obj
c:\users\nghoa\desktop\mrgimmickvippro\mrgimmickvippro\debug\elevator.obj
c:\users\nghoa\desktop\mrgimmickvippro\mrgimmickvippro\debug\staticobject.obj
c:\users\nghoa\desktop\mrgimmickvippro\mrgimmickvippro\debug\mstair.obj
c:\users\nghoa\desktop\mrgimmickvippro\mrgimmickvippro\debug\hill.obj
c:\users\nghoa\desktop\mrgimmickvippro\mrgimmickvippro\debug\shell.obj
c:\users\nghoa\desktop\mrgimmickvippro\mrgimmickvippro\debug\smallblackbugwithantena.obj
c:\users\nghoa\desktop\mrgimmickvippro\mrgimmickvippro\debug\smallblackbug.obj
c:\users\nghoa\desktop\mrgimmickvippro\mrgimmickvippro\debug\scorepanel.obj
c:\users\nghoa\desktop\mrgimmickvippro\mrgimmickvippro\debug\pipe.obj
c:\users\nghoa\desktop\mrgimmickvippro\mrgimmickvippro\debug\windowthrowingshell.obj
c:\users\nghoa\desktop\mrgimmickvippro\mrgimmickvippro\debug\window.obj
c:\users\nghoa\desktop\mrgimmickvippro\mrgimmickvippro\debug\wheelgunmachine.obj
c:\users\nghoa\desktop\mrgimmickvippro\mrgimmickvippro\debug\utils.obj
c:\users\nghoa\desktop\mrgimmickvippro\mrgimmickvippro\debug\turtle.obj
c:\users\nghoa\desktop\mrgimmickvippro\mrgimmickvippro\debug\tinyxmlparser.obj
c:\users\nghoa\desktop\mrgimmickvippro\mrgimmickvippro\debug\tinyxmlerror.obj
c:\users\nghoa\desktop\mrgimmickvippro\mrgimmickvippro\debug\tinyxml.obj
c:\users\nghoa\desktop\mrgimmickvippro\mrgimmickvippro\debug\tinystr.obj
c:\users\nghoa\desktop\mrgimmickvippro\mrgimmickvippro\debug\tilemap.obj
c:\users\nghoa\desktop\mrgimmickvippro\mrgimmickvippro\debug\tile.obj
c:\users\nghoa\desktop\mrgimmickvippro\mrgimmickvippro\debug\textures.obj
c:\users\nghoa\desktop\mrgimmickvippro\mrgimmickvippro\debug\sprites.obj
c:\users\nghoa\desktop\mrgimmickvippro\mrgimmickvippro\debug\gimmick.obj
c:\users\nghoa\desktop\mrgimmickvippro\debug\mrgimmickvippro.exe
c:\users\nghoa\desktop\mrgimmickvippro\debug\mrgimmickvippro.ilk
c:\users\nghoa\desktop\mrgimmickvippro\debug\mrgimmickvippro.pdb
c:\users\nghoa\desktop\mrgimmickvippro\mrgimmickvippro\debug\game.obj.enc
c:\users\nghoa\desktop\mrgimmickvippro\mrgimmickvippro\debug\gimmick.obj.enc
c:\users\nghoa\desktop\mrgimmickvippro\mrgimmickvippro\debug\smallblackbug.obj.enc
c:\users\nghoa\desktop\mrgimmickvippro\mrgimmickvippro\debug\mrgimmickvippro.tlog\cl.command.1.tlog
c:\users\nghoa\desktop\mrgimmickvippro\mrgimmickvippro\debug\mrgimmickvippro.tlog\cl.read.1.tlog
c:\users\nghoa\desktop\mrgimmickvippro\mrgimmickvippro\debug\mrgimmickvippro.tlog\cl.write.1.tlog
c:\users\nghoa\desktop\mrgimmickvippro\mrgimmickvippro\debug\mrgimmickvippro.tlog\link.command.1.tlog
c:\users\nghoa\desktop\mrgimmickvippro\mrgimmickvippro\debug\mrgimmickvippro.tlog\link.read.1.tlog
c:\users\nghoa\desktop\mrgimmickvippro\mrgimmickvippro\debug\mrgimmickvippro.tlog\link.write.1.tlog
