  Gimmick.cpp
C:\Users\nghoa\Desktop\MrGimmickVipPro\MrGimmickVipPro\DynamicObjects\HangingMachine.h(7,1): warning C4005: 'WAITING_STATE': macro redefinition
C:\Users\nghoa\Desktop\MrGimmickVipPro\MrGimmickVipPro\DynamicObjects\Boat.h(4): message : see previous definition of 'WAITING_STATE'
C:\Users\nghoa\Desktop\MrGimmickVipPro\MrGimmickVipPro\DynamicObjects\HangingElevator.h(9,1): warning C4005: 'ANIMATIO_SET_ID': macro redefinition
C:\Users\nghoa\Desktop\MrGimmickVipPro\MrGimmickVipPro\DynamicObjects\HangingMachine.h(8): message : see previous definition of 'ANIMATIO_SET_ID'
C:\Users\nghoa\Desktop\MrGimmickVipPro\MrGimmickVipPro\DynamicObjects\HangingElevator.h(30,22): warning C4244: 'return': conversion from 'float' to 'int', possible loss of data
C:\Users\nghoa\Desktop\MrGimmickVipPro\MrGimmickVipPro\DynamicObjects\HangingElevator.h(31,22): warning C4244: 'return': conversion from 'float' to 'int', possible loss of data
C:\Users\nghoa\Desktop\MrGimmickVipPro\MrGimmickVipPro\DynamicObjects\HangingElevator.h(34,13): warning C4244: 'return': conversion from 'float' to 'int', possible loss of data
C:\Users\nghoa\Desktop\MrGimmickVipPro\MrGimmickVipPro\DynamicObjects\HangingElevator.h(39,15): warning C4244: 'return': conversion from 'float' to 'int', possible loss of data
C:\Users\nghoa\Desktop\MrGimmickVipPro\MrGimmickVipPro\StaticObjects\MStair.h(5,1): warning C4005: 'ANIMATIO_SET_ID': macro redefinition
C:\Users\nghoa\Desktop\MrGimmickVipPro\MrGimmickVipPro\DynamicObjects\HangingElevator.h(9): message : see previous definition of 'ANIMATIO_SET_ID'
C:\Users\nghoa\Desktop\MrGimmickVipPro\MrGimmickVipPro\StaticObjects\Pipe.h(3,1): warning C4005: 'ANIMATIO_SET_ID': macro redefinition
C:\Users\nghoa\Desktop\MrGimmickVipPro\MrGimmickVipPro\StaticObjects\MStair.h(5): message : see previous definition of 'ANIMATIO_SET_ID'
C:\Users\nghoa\Desktop\MrGimmickVipPro\MrGimmickVipPro\Items\Item.h(12,65): warning C4244: '=': conversion from 'int' to 'float', possible loss of data
C:\Users\nghoa\Desktop\MrGimmickVipPro\MrGimmickVipPro\Enemies\SmallBlackBug.h(18,1): warning C4005: 'ANIMATION_SET_ID': macro redefinition
C:\Users\nghoa\Desktop\MrGimmickVipPro\MrGimmickVipPro\StaticObjects\Elevator.h(8): message : see previous definition of 'ANIMATION_SET_ID'
C:\Users\nghoa\Desktop\MrGimmickVipPro\MrGimmickVipPro\Enemies\SmallBlackBug.h(20,1): warning C4005: 'HEIGHT': macro redefinition
C:\Users\nghoa\Desktop\MrGimmickVipPro\MrGimmickVipPro\DynamicObjects\HangingElevator.h(12): message : see previous definition of 'HEIGHT'
C:\Users\nghoa\Desktop\MrGimmickVipPro\MrGimmickVipPro\Enemies\SmallBlackBugWithAntena.h(5,1): warning C4005: 'INACTIVE_STATE': macro redefinition
C:\Users\nghoa\Desktop\MrGimmickVipPro\MrGimmickVipPro\Enemies\SmallBlackBug.h(17): message : see previous definition of 'INACTIVE_STATE'
C:\Users\nghoa\Desktop\MrGimmickVipPro\MrGimmickVipPro\DynamicObjects\Shell.h(5,1): warning C4005: 'FALLING_SPEED': macro redefinition
C:\Users\nghoa\Desktop\MrGimmickVipPro\MrGimmickVipPro\DynamicObjects\HangingMachine.h(3): message : see previous definition of 'FALLING_SPEED'
C:\Users\nghoa\Desktop\MrGimmickVipPro\MrGimmickVipPro\DynamicObjects\Shell.h(25,1): warning C4005: 'EXPLODING_TIME': macro redefinition
C:\Users\nghoa\Desktop\MrGimmickVipPro\MrGimmickVipPro\DynamicObjects\WindowThrowingShell.h(13): message : see previous definition of 'EXPLODING_TIME'
C:\Users\nghoa\Desktop\MrGimmickVipPro\MrGimmickVipPro\DynamicObjects\GunMachine.h(7,1): warning C4005: 'MOVING_SPEED': macro redefinition
C:\Users\nghoa\Desktop\MrGimmickVipPro\MrGimmickVipPro\DynamicObjects\HangingElevator.h(4): message : see previous definition of 'MOVING_SPEED'
C:\Users\nghoa\Desktop\MrGimmickVipPro\MrGimmickVipPro\DynamicObjects\GunMachine.h(48,22): warning C4244: 'return': conversion from 'float' to 'int', possible loss of data
C:\Users\nghoa\Desktop\MrGimmickVipPro\MrGimmickVipPro\StaticObjects\Window.h(4,1): warning C4005: 'ANIMATIO_SET_ID': macro redefinition
C:\Users\nghoa\Desktop\MrGimmickVipPro\MrGimmickVipPro\StaticObjects\Pipe.h(3): message : see previous definition of 'ANIMATIO_SET_ID'
C:\Users\nghoa\Desktop\MrGimmickVipPro\MrGimmickVipPro\StaticObjects\Window.h(5,1): warning C4005: 'WIDTH': macro redefinition
C:\Users\nghoa\Desktop\MrGimmickVipPro\MrGimmickVipPro\Enemies\SmallBlackBug.h(19): message : see previous definition of 'WIDTH'
C:\Users\nghoa\Desktop\MrGimmickVipPro\MrGimmickVipPro\StaticObjects\Window.h(6,1): warning C4005: 'HEIGHT': macro redefinition
C:\Users\nghoa\Desktop\MrGimmickVipPro\MrGimmickVipPro\Enemies\SmallBlackBug.h(20): message : see previous definition of 'HEIGHT'
C:\Users\nghoa\Desktop\MrGimmickVipPro\MrGimmickVipPro\Enemies\Bosses\BrownStuff.h(20,1): warning C4005: 'UNTOUCHABLE_TIME': macro redefinition
C:\Users\nghoa\Desktop\MrGimmickVipPro\MrGimmickVipPro\Enemies\GreenFatStuff.h(19): message : see previous definition of 'UNTOUCHABLE_TIME'
C:\Users\nghoa\Desktop\MrGimmickVipPro\MrGimmickVipPro\Enemies\Bosses\BlackMan.h(9,1): warning C4005: 'FIRE_ANIMATION_SET_ID': macro redefinition
C:\Users\nghoa\Desktop\MrGimmickVipPro\MrGimmickVipPro\Gimmick.h(98): message : see previous definition of 'FIRE_ANIMATION_SET_ID'
C:\Users\nghoa\Desktop\MrGimmickVipPro\MrGimmickVipPro\Items\BigPrize.h(13,1): warning C4005: 'ANIMATION_SET_ID': macro redefinition
C:\Users\nghoa\Desktop\MrGimmickVipPro\MrGimmickVipPro\Enemies\SmallBlackBug.h(18): message : see previous definition of 'ANIMATION_SET_ID'
C:\Users\nghoa\Desktop\MrGimmickVipPro\MrGimmickVipPro\Enemies\PinkWorm.h(5,1): warning C4005: 'DEATH_STATE': macro redefinition
C:\Users\nghoa\Desktop\MrGimmickVipPro\MrGimmickVipPro\Enemies\SmallBlackBug.h(12): message : see previous definition of 'DEATH_STATE'
C:\Users\nghoa\Desktop\MrGimmickVipPro\MrGimmickVipPro\Enemies\PinkWorm.h(7,1): warning C4005: 'ANIMATION_SET_ID': macro redefinition
C:\Users\nghoa\Desktop\MrGimmickVipPro\MrGimmickVipPro\Items\BigPrize.h(13): message : see previous definition of 'ANIMATION_SET_ID'
C:\Users\nghoa\Desktop\MrGimmickVipPro\MrGimmickVipPro\Gimmick.cpp(42,12): warning C4244: '=': conversion from 'int' to 'float', possible loss of data
C:\Users\nghoa\Desktop\MrGimmickVipPro\MrGimmickVipPro\Gimmick.cpp(43,12): warning C4244: '=': conversion from 'int' to 'float', possible loss of data
C:\Users\nghoa\Desktop\MrGimmickVipPro\MrGimmickVipPro\Gimmick.cpp(172,12): warning C4244: '=': conversion from 'int' to 'float', possible loss of data
C:\Users\nghoa\Desktop\MrGimmickVipPro\MrGimmickVipPro\Gimmick.cpp(173,12): warning C4244: '=': conversion from 'int' to 'float', possible loss of data
C:\Users\nghoa\Desktop\MrGimmickVipPro\MrGimmickVipPro\Gimmick.cpp(301,20): warning C4244: '=': conversion from 'double' to 'float', possible loss of data
C:\Users\nghoa\Desktop\MrGimmickVipPro\MrGimmickVipPro\Gimmick.cpp(302,20): warning C4244: '=': conversion from 'double' to 'float', possible loss of data
C:\Users\nghoa\Desktop\MrGimmickVipPro\MrGimmickVipPro\Gimmick.cpp(337,12): warning C4244: '=': conversion from 'int' to 'float', possible loss of data
C:\Users\nghoa\Desktop\MrGimmickVipPro\MrGimmickVipPro\Gimmick.cpp(338,12): warning C4244: '=': conversion from 'int' to 'float', possible loss of data
C:\Users\nghoa\Desktop\MrGimmickVipPro\MrGimmickVipPro\Gimmick.cpp(354,12): warning C4244: '=': conversion from 'int' to 'float', possible loss of data
C:\Users\nghoa\Desktop\MrGimmickVipPro\MrGimmickVipPro\Gimmick.cpp(355,12): warning C4244: '=': conversion from 'int' to 'float', possible loss of data
C:\Users\nghoa\Desktop\MrGimmickVipPro\MrGimmickVipPro\Gimmick.cpp(584,11): warning C4244: 'initializing': conversion from 'double' to 'int', possible loss of data
C:\Users\nghoa\Desktop\MrGimmickVipPro\MrGimmickVipPro\Gimmick.cpp(587,37): warning C4244: '=': conversion from 'double' to 'int', possible loss of data
C:\Users\nghoa\Desktop\MrGimmickVipPro\MrGimmickVipPro\Gimmick.cpp(628,12): warning C4244: 'initializing': conversion from 'double' to 'int', possible loss of data
C:\Users\nghoa\Desktop\MrGimmickVipPro\MrGimmickVipPro\Gimmick.cpp(631,38): warning C4244: '=': conversion from 'double' to 'int', possible loss of data
C:\Users\nghoa\Desktop\MrGimmickVipPro\MrGimmickVipPro\Gimmick.cpp(662,20): warning C4018: '<': signed/unsigned mismatch
C:\Users\nghoa\Desktop\MrGimmickVipPro\MrGimmickVipPro\Gimmick.cpp(1677,30): warning C4244: 'argument': conversion from 'double' to 'float', possible loss of data
C:\Users\nghoa\Desktop\MrGimmickVipPro\MrGimmickVipPro\Gimmick.cpp(1682,38): warning C4244: 'argument': conversion from 'double' to 'float', possible loss of data
C:\Users\nghoa\Desktop\MrGimmickVipPro\MrGimmickVipPro\Gimmick.cpp(1994,46): warning C4805: '==': unsafe mix of type 'int' and type 'bool' in operation
C:\Users\nghoa\Desktop\MrGimmickVipPro\MrGimmickVipPro\Gimmick.cpp(2185,45): warning C4244: 'argument': conversion from 'float' to 'int', possible loss of data
C:\Users\nghoa\Desktop\MrGimmickVipPro\MrGimmickVipPro\Gimmick.cpp(2185,27): warning C4244: 'argument': conversion from 'float' to 'int', possible loss of data
C:\Users\nghoa\Desktop\MrGimmickVipPro\MrGimmickVipPro\Gimmick.cpp(2186,45): warning C4244: 'argument': conversion from 'float' to 'int', possible loss of data
C:\Users\nghoa\Desktop\MrGimmickVipPro\MrGimmickVipPro\Gimmick.cpp(2186,27): warning C4244: 'argument': conversion from 'float' to 'int', possible loss of data
C:\Users\nghoa\Desktop\MrGimmickVipPro\MrGimmickVipPro\Gimmick.cpp(2187,45): warning C4244: 'argument': conversion from 'float' to 'int', possible loss of data
C:\Users\nghoa\Desktop\MrGimmickVipPro\MrGimmickVipPro\Gimmick.cpp(2187,27): warning C4244: 'argument': conversion from 'float' to 'int', possible loss of data
C:\Users\nghoa\Desktop\MrGimmickVipPro\MrGimmickVipPro\Gimmick.cpp(2191,24): warning C4244: '=': conversion from 'float' to 'int', possible loss of data
C:\Users\nghoa\Desktop\MrGimmickVipPro\MrGimmickVipPro\Gimmick.cpp(2191,60): warning C4244: '=': conversion from 'float' to 'int', possible loss of data
C:\Users\nghoa\Desktop\MrGimmickVipPro\MrGimmickVipPro\Gimmick.cpp(2192,24): warning C4244: '=': conversion from 'float' to 'int', possible loss of data
C:\Users\nghoa\Desktop\MrGimmickVipPro\MrGimmickVipPro\Gimmick.cpp(2192,61): warning C4244: '=': conversion from 'float' to 'int', possible loss of data
C:\Users\nghoa\Desktop\MrGimmickVipPro\MrGimmickVipPro\Gimmick.cpp(2212,30): warning C4244: '=': conversion from 'int' to 'float', possible loss of data
C:\Users\nghoa\Desktop\MrGimmickVipPro\MrGimmickVipPro\Gimmick.cpp(2216,30): warning C4244: '=': conversion from 'int' to 'float', possible loss of data
C:\Users\nghoa\Desktop\MrGimmickVipPro\MrGimmickVipPro\Gimmick.cpp(2220,34): warning C4244: '=': conversion from 'float' to 'int', possible loss of data
C:\Users\nghoa\Desktop\MrGimmickVipPro\MrGimmickVipPro\Gimmick.cpp(2220,64): warning C4244: '=': conversion from 'float' to 'int', possible loss of data
C:\Users\nghoa\Desktop\MrGimmickVipPro\MrGimmickVipPro\Gimmick.cpp(2226,30): warning C4244: '=': conversion from 'int' to 'float', possible loss of data
C:\Users\nghoa\Desktop\MrGimmickVipPro\MrGimmickVipPro\Gimmick.cpp(2230,30): warning C4244: '=': conversion from 'int' to 'float', possible loss of data
C:\Users\nghoa\Desktop\MrGimmickVipPro\MrGimmickVipPro\Gimmick.cpp(2235,34): warning C4244: '=': conversion from 'float' to 'int', possible loss of data
C:\Users\nghoa\Desktop\MrGimmickVipPro\MrGimmickVipPro\Gimmick.cpp(2235,64): warning C4244: '=': conversion from 'float' to 'int', possible loss of data
C:\Users\nghoa\Desktop\MrGimmickVipPro\MrGimmickVipPro\Gimmick.cpp(2252,41): warning C4244: 'argument': conversion from 'float' to 'int', possible loss of data
C:\Users\nghoa\Desktop\MrGimmickVipPro\MrGimmickVipPro\Gimmick.cpp(2252,22): warning C4244: 'argument': conversion from 'float' to 'int', possible loss of data
C:\Users\nghoa\Desktop\MrGimmickVipPro\MrGimmickVipPro\Gimmick.cpp(2258,28): warning C4244: '=': conversion from 'int' to 'float', possible loss of data
C:\Users\nghoa\Desktop\MrGimmickVipPro\MrGimmickVipPro\Gimmick.cpp(2262,28): warning C4244: '=': conversion from 'int' to 'float', possible loss of data
C:\Users\nghoa\Desktop\MrGimmickVipPro\MrGimmickVipPro\Gimmick.cpp(2266,26): warning C4244: '=': conversion from 'float' to 'int', possible loss of data
C:\Users\nghoa\Desktop\MrGimmickVipPro\MrGimmickVipPro\Gimmick.cpp(2266,63): warning C4244: '=': conversion from 'float' to 'int', possible loss of data
C:\Users\nghoa\Desktop\MrGimmickVipPro\MrGimmickVipPro\Gimmick.cpp(2272,28): warning C4244: '=': conversion from 'int' to 'float', possible loss of data
C:\Users\nghoa\Desktop\MrGimmickVipPro\MrGimmickVipPro\Gimmick.cpp(2276,28): warning C4244: '=': conversion from 'int' to 'float', possible loss of data
C:\Users\nghoa\Desktop\MrGimmickVipPro\MrGimmickVipPro\Gimmick.cpp(2281,32): warning C4244: '=': conversion from 'float' to 'int', possible loss of data
C:\Users\nghoa\Desktop\MrGimmickVipPro\MrGimmickVipPro\Gimmick.cpp(2281,62): warning C4244: '=': conversion from 'float' to 'int', possible loss of data
C:\Users\nghoa\Desktop\MrGimmickVipPro\MrGimmickVipPro\Gimmick.cpp(578,27): warning C4101: 'dumpDistance': unreferenced local variable
C:\Users\nghoa\Desktop\MrGimmickVipPro\MrGimmickVipPro\Gimmick.cpp(622,26): warning C4101: 'dumpDistance': unreferenced local variable
C:\Users\nghoa\Desktop\MrGimmickVipPro\MrGimmickVipPro\Gimmick.cpp(2472,47): warning C4244: 'argument': conversion from 'float' to 'int', possible loss of data
C:\Users\nghoa\Desktop\MrGimmickVipPro\MrGimmickVipPro\Gimmick.cpp(2472,28): warning C4244: 'argument': conversion from 'float' to 'int', possible loss of data
C:\Users\nghoa\Desktop\MrGimmickVipPro\MrGimmickVipPro\Gimmick.cpp(2473,47): warning C4244: 'argument': conversion from 'float' to 'int', possible loss of data
C:\Users\nghoa\Desktop\MrGimmickVipPro\MrGimmickVipPro\Gimmick.cpp(2473,28): warning C4244: 'argument': conversion from 'float' to 'int', possible loss of data
C:\Users\nghoa\Desktop\MrGimmickVipPro\MrGimmickVipPro\Gimmick.cpp(2474,47): warning C4244: 'argument': conversion from 'float' to 'int', possible loss of data
C:\Users\nghoa\Desktop\MrGimmickVipPro\MrGimmickVipPro\Gimmick.cpp(2474,28): warning C4244: 'argument': conversion from 'float' to 'int', possible loss of data
C:\Users\nghoa\Desktop\MrGimmickVipPro\MrGimmickVipPro\Gimmick.cpp(2478,25): warning C4244: '=': conversion from 'float' to 'int', possible loss of data
C:\Users\nghoa\Desktop\MrGimmickVipPro\MrGimmickVipPro\Gimmick.cpp(2478,62): warning C4244: '=': conversion from 'float' to 'int', possible loss of data
C:\Users\nghoa\Desktop\MrGimmickVipPro\MrGimmickVipPro\Gimmick.cpp(2479,25): warning C4244: '=': conversion from 'float' to 'int', possible loss of data
C:\Users\nghoa\Desktop\MrGimmickVipPro\MrGimmickVipPro\Gimmick.cpp(2479,62): warning C4244: '=': conversion from 'float' to 'int', possible loss of data
C:\Users\nghoa\Desktop\MrGimmickVipPro\MrGimmickVipPro\Gimmick.cpp(2616,30): warning C4244: 'argument': conversion from 'float' to 'int', possible loss of data
C:\Users\nghoa\Desktop\MrGimmickVipPro\MrGimmickVipPro\Gimmick.cpp(2616,21): warning C4244: 'argument': conversion from 'float' to 'int', possible loss of data
C:\Users\nghoa\Desktop\MrGimmickVipPro\MrGimmickVipPro\Gimmick.cpp(2362,8): warning C4101: 'rx': unreferenced local variable
C:\Users\nghoa\Desktop\MrGimmickVipPro\MrGimmickVipPro\Gimmick.cpp(2362,12): warning C4101: 'ry': unreferenced local variable
C:\Users\nghoa\Desktop\MrGimmickVipPro\MrGimmickVipPro\Gimmick.cpp(3008,17): warning C4553: '==': result of expression not used; did you intend '='?
C:\Users\nghoa\Desktop\MrGimmickVipPro\MrGimmickVipPro\Gimmick.cpp(3117,30): warning C4244: 'argument': conversion from 'float' to 'int', possible loss of data
C:\Users\nghoa\Desktop\MrGimmickVipPro\MrGimmickVipPro\Gimmick.cpp(3117,25): warning C4244: 'argument': conversion from 'float' to 'int', possible loss of data
C:\Users\nghoa\Desktop\MrGimmickVipPro\MrGimmickVipPro\Gimmick.cpp(3191,42): warning C4305: 'argument': truncation from 'double' to 'float'
C:\Users\nghoa\Desktop\MrGimmickVipPro\MrGimmickVipPro\Gimmick.cpp(3244,43): warning C4305: 'argument': truncation from 'double' to 'float'
C:\Users\nghoa\Desktop\MrGimmickVipPro\MrGimmickVipPro\Gimmick.cpp(3373,16): warning C4305: '=': truncation from 'double' to 'float'
C:\Users\nghoa\Desktop\MrGimmickVipPro\MrGimmickVipPro\Gimmick.cpp(3378,15): warning C4305: '=': truncation from 'double' to 'float'
  MrGimmickVipPro.vcxproj -> C:\Users\nghoa\Desktop\MrGimmickVipPro\Debug\MrGimmickVipPro.exe
