  Animations.cpp
  Game.cpp
C:\Users\nghoa\Desktop\MrGimmickVipPro\MrGimmickVipPro\PlayScence.h(32,9): error C2143: syntax error: missing ';' before '*'
C:\Users\nghoa\Desktop\MrGimmickVipPro\MrGimmickVipPro\PlayScence.h(32,9): error C4430: missing type specifier - int assumed. Note: C++ does not support default-int
C:\Users\nghoa\Desktop\MrGimmickVipPro\MrGimmickVipPro\PlayScence.h(32,23): error C2334: unexpected token(s) preceding '{'; skipping apparent function body
  GameObject.cpp
C:\Users\nghoa\Desktop\MrGimmickVipPro\MrGimmickVipPro\Utils.h(18,8): error C2065: 'string': undeclared identifier
C:\Users\nghoa\Desktop\MrGimmickVipPro\MrGimmickVipPro\Utils.h(18,1): error C2923: 'std::vector': 'string' is not a valid template type argument for parameter '_Ty'
C:\Users\nghoa\Desktop\MrGimmickVipPro\MrGimmickVipPro\Utils.h(18,1): error C2976: 'std::vector': too few template arguments
C:\Program Files (x86)\Microsoft Visual Studio\2019\Community\VC\Tools\MSVC\14.28.29910\include\vector(416): message : see declaration of 'std::vector'
C:\Users\nghoa\Desktop\MrGimmickVipPro\MrGimmickVipPro\Utils.h(18,22): error C2065: 'string': undeclared identifier
C:\Users\nghoa\Desktop\MrGimmickVipPro\MrGimmickVipPro\Utils.h(18,29): error C2146: syntax error: missing ')' before identifier 'line'
C:\Users\nghoa\Desktop\MrGimmickVipPro\MrGimmickVipPro\Utils.h(19,15): error C4430: missing type specifier - int assumed. Note: C++ does not support default-int
C:\Users\nghoa\Desktop\MrGimmickVipPro\MrGimmickVipPro\Utils.h(19,9): error C2146: syntax error: missing ';' before identifier 'ToWSTR'
C:\Users\nghoa\Desktop\MrGimmickVipPro\MrGimmickVipPro\Utils.h(21,19): error C2065: 'string': undeclared identifier
C:\Users\nghoa\Desktop\MrGimmickVipPro\MrGimmickVipPro\Utils.h(21,26): error C2146: syntax error: missing ')' before identifier 'st'
  Gimmick.cpp
  main.cpp
C:\Users\nghoa\Desktop\MrGimmickVipPro\MrGimmickVipPro\Utils.h(18,8): error C2065: 'string': undeclared identifier
C:\Users\nghoa\Desktop\MrGimmickVipPro\MrGimmickVipPro\Utils.h(18,1): error C2923: 'std::vector': 'string' is not a valid template type argument for parameter '_Ty'
C:\Users\nghoa\Desktop\MrGimmickVipPro\MrGimmickVipPro\Utils.h(18,1): error C2976: 'std::vector': too few template arguments
C:\Program Files (x86)\Microsoft Visual Studio\2019\Community\VC\Tools\MSVC\14.28.29910\include\vector(416): message : see declaration of 'std::vector'
C:\Users\nghoa\Desktop\MrGimmickVipPro\MrGimmickVipPro\Utils.h(18,22): error C2065: 'string': undeclared identifier
C:\Users\nghoa\Desktop\MrGimmickVipPro\MrGimmickVipPro\Utils.h(18,29): error C2146: syntax error: missing ')' before identifier 'line'
C:\Users\nghoa\Desktop\MrGimmickVipPro\MrGimmickVipPro\Utils.h(19,15): error C4430: missing type specifier - int assumed. Note: C++ does not support default-int
C:\Users\nghoa\Desktop\MrGimmickVipPro\MrGimmickVipPro\Utils.h(19,9): error C2146: syntax error: missing ';' before identifier 'ToWSTR'
C:\Users\nghoa\Desktop\MrGimmickVipPro\MrGimmickVipPro\Utils.h(21,19): error C2065: 'string': undeclared identifier
C:\Users\nghoa\Desktop\MrGimmickVipPro\MrGimmickVipPro\Utils.h(21,26): error C2146: syntax error: missing ')' before identifier 'st'
C:\Users\nghoa\Desktop\MrGimmickVipPro\MrGimmickVipPro\PlayScence.h(32,9): error C2143: syntax error: missing ';' before '*'
C:\Users\nghoa\Desktop\MrGimmickVipPro\MrGimmickVipPro\PlayScence.h(32,9): error C4430: missing type specifier - int assumed. Note: C++ does not support default-int
C:\Users\nghoa\Desktop\MrGimmickVipPro\MrGimmickVipPro\PlayScence.h(32,23): error C2334: unexpected token(s) preceding '{'; skipping apparent function body
  PlayScence.cpp
C:\Users\nghoa\Desktop\MrGimmickVipPro\MrGimmickVipPro\PlayScence.h(32,9): error C2143: syntax error: missing ';' before '*'
C:\Users\nghoa\Desktop\MrGimmickVipPro\MrGimmickVipPro\PlayScence.h(32,9): error C4430: missing type specifier - int assumed. Note: C++ does not support default-int
C:\Users\nghoa\Desktop\MrGimmickVipPro\MrGimmickVipPro\PlayScence.h(32,23): error C2334: unexpected token(s) preceding '{'; skipping apparent function body
C:\Users\nghoa\Desktop\MrGimmickVipPro\MrGimmickVipPro\PlayScence.cpp(89,20): warning C4018: '<': signed/unsigned mismatch
C:\Users\nghoa\Desktop\MrGimmickVipPro\MrGimmickVipPro\PlayScence.cpp(111,20): warning C4018: '<': signed/unsigned mismatch
C:\Users\nghoa\Desktop\MrGimmickVipPro\MrGimmickVipPro\PlayScence.cpp(134,10): warning C4244: 'initializing': conversion from 'double' to 'float', possible loss of data
C:\Users\nghoa\Desktop\MrGimmickVipPro\MrGimmickVipPro\PlayScence.cpp(135,10): warning C4244: 'initializing': conversion from 'double' to 'float', possible loss of data
C:\Users\nghoa\Desktop\MrGimmickVipPro\MrGimmickVipPro\PlayScence.cpp(151,13): error C2061: syntax error: identifier 'CMario'
C:\Users\nghoa\Desktop\MrGimmickVipPro\MrGimmickVipPro\PlayScence.cpp(152,13): error C2065: 'CMario': undeclared identifier
C:\Users\nghoa\Desktop\MrGimmickVipPro\MrGimmickVipPro\PlayScence.cpp(152,20): error C2059: syntax error: ')'
C:\Users\nghoa\Desktop\MrGimmickVipPro\MrGimmickVipPro\PlayScence.cpp(156,37): error C2061: syntax error: identifier 'CGoomba'
C:\Users\nghoa\Desktop\MrGimmickVipPro\MrGimmickVipPro\PlayScence.cpp(157,36): error C2061: syntax error: identifier 'CBrick'
C:\Users\nghoa\Desktop\MrGimmickVipPro\MrGimmickVipPro\PlayScence.cpp(158,37): error C2061: syntax error: identifier 'CKoopas'
C:\Users\nghoa\Desktop\MrGimmickVipPro\MrGimmickVipPro\PlayScence.cpp(161,12): warning C4244: 'initializing': conversion from 'double' to 'float', possible loss of data
C:\Users\nghoa\Desktop\MrGimmickVipPro\MrGimmickVipPro\PlayScence.cpp(162,12): warning C4244: 'initializing': conversion from 'double' to 'float', possible loss of data
C:\Users\nghoa\Desktop\MrGimmickVipPro\MrGimmickVipPro\PlayScence.cpp(164,14): error C2061: syntax error: identifier 'CPortal'
C:\Users\nghoa\Desktop\MrGimmickVipPro\MrGimmickVipPro\PlayScence.cpp(250,28): error C2247: 'CGameObject::GetPosition' not accessible because 'CGimmick' uses 'private' to inherit from 'CGameObject'
C:\Users\nghoa\Desktop\MrGimmickVipPro\MrGimmickVipPro\GameObject.h(68): message : see declaration of 'CGameObject::GetPosition'
C:\Users\nghoa\Desktop\MrGimmickVipPro\MrGimmickVipPro\Gimmick.h(29): message : see declaration of 'CGimmick'
C:\Users\nghoa\Desktop\MrGimmickVipPro\MrGimmickVipPro\GameObject.h(44): message : see declaration of 'CGameObject'
C:\Users\nghoa\Desktop\MrGimmickVipPro\MrGimmickVipPro\PlayScence.cpp(261,20): warning C4018: '<': signed/unsigned mismatch
C:\Users\nghoa\Desktop\MrGimmickVipPro\MrGimmickVipPro\PlayScence.cpp(270,20): warning C4018: '<': signed/unsigned mismatch
C:\Users\nghoa\Desktop\MrGimmickVipPro\MrGimmickVipPro\PlayScence.cpp(283,2): error C2065: 'CMario': undeclared identifier
C:\Users\nghoa\Desktop\MrGimmickVipPro\MrGimmickVipPro\PlayScence.cpp(283,10): error C2065: 'mario': undeclared identifier
C:\Users\nghoa\Desktop\MrGimmickVipPro\MrGimmickVipPro\PlayScence.cpp(283,41): error C2039: 'GetPlayer': is not a member of 'CPlayScene'
C:\Users\nghoa\Desktop\MrGimmickVipPro\MrGimmickVipPro\PlayScence.h(10): message : see declaration of 'CPlayScene'
C:\Users\nghoa\Desktop\MrGimmickVipPro\MrGimmickVipPro\PlayScence.cpp(287,3): error C2065: 'mario': undeclared identifier
C:\Users\nghoa\Desktop\MrGimmickVipPro\MrGimmickVipPro\PlayScence.cpp(287,19): error C2065: 'MARIO_STATE_JUMP': undeclared identifier
C:\Users\nghoa\Desktop\MrGimmickVipPro\MrGimmickVipPro\PlayScence.cpp(290,3): error C2065: 'mario': undeclared identifier
C:\Users\nghoa\Desktop\MrGimmickVipPro\MrGimmickVipPro\PlayScence.cpp(298,2): error C2065: 'CMario': undeclared identifier
C:\Users\nghoa\Desktop\MrGimmickVipPro\MrGimmickVipPro\PlayScence.cpp(298,10): error C2065: 'mario': undeclared identifier
C:\Users\nghoa\Desktop\MrGimmickVipPro\MrGimmickVipPro\PlayScence.cpp(298,41): error C2039: 'GetPlayer': is not a member of 'CPlayScene'
C:\Users\nghoa\Desktop\MrGimmickVipPro\MrGimmickVipPro\PlayScence.h(10): message : see declaration of 'CPlayScene'
C:\Users\nghoa\Desktop\MrGimmickVipPro\MrGimmickVipPro\PlayScence.cpp(301,6): error C2065: 'mario': undeclared identifier
C:\Users\nghoa\Desktop\MrGimmickVipPro\MrGimmickVipPro\PlayScence.cpp(301,27): error C2065: 'MARIO_STATE_DIE': undeclared identifier
C:\Users\nghoa\Desktop\MrGimmickVipPro\MrGimmickVipPro\PlayScence.cpp(303,3): error C2065: 'mario': undeclared identifier
C:\Users\nghoa\Desktop\MrGimmickVipPro\MrGimmickVipPro\PlayScence.cpp(303,19): error C2065: 'MARIO_STATE_WALKING_RIGHT': undeclared identifier
C:\Users\nghoa\Desktop\MrGimmickVipPro\MrGimmickVipPro\PlayScence.cpp(305,3): error C2065: 'mario': undeclared identifier
C:\Users\nghoa\Desktop\MrGimmickVipPro\MrGimmickVipPro\PlayScence.cpp(305,19): error C2065: 'MARIO_STATE_WALKING_LEFT': undeclared identifier
C:\Users\nghoa\Desktop\MrGimmickVipPro\MrGimmickVipPro\PlayScence.cpp(307,3): error C2065: 'mario': undeclared identifier
C:\Users\nghoa\Desktop\MrGimmickVipPro\MrGimmickVipPro\PlayScence.cpp(307,19): error C2065: 'MARIO_STATE_IDLE': undeclared identifier
  Scence.cpp
  Sprites.cpp
  Textures.cpp
C:\Users\nghoa\Desktop\MrGimmickVipPro\MrGimmickVipPro\Utils.h(18,8): error C2065: 'string': undeclared identifier
C:\Users\nghoa\Desktop\MrGimmickVipPro\MrGimmickVipPro\Utils.h(18,1): error C2923: 'std::vector': 'string' is not a valid template type argument for parameter '_Ty'
C:\Users\nghoa\Desktop\MrGimmickVipPro\MrGimmickVipPro\Utils.h(18,1): error C2976: 'std::vector': too few template arguments
C:\Program Files (x86)\Microsoft Visual Studio\2019\Community\VC\Tools\MSVC\14.28.29910\include\vector(416): message : see declaration of 'std::vector'
C:\Users\nghoa\Desktop\MrGimmickVipPro\MrGimmickVipPro\Utils.h(18,22): error C2065: 'string': undeclared identifier
C:\Users\nghoa\Desktop\MrGimmickVipPro\MrGimmickVipPro\Utils.h(18,29): error C2146: syntax error: missing ')' before identifier 'line'
C:\Users\nghoa\Desktop\MrGimmickVipPro\MrGimmickVipPro\Utils.h(19,15): error C4430: missing type specifier - int assumed. Note: C++ does not support default-int
C:\Users\nghoa\Desktop\MrGimmickVipPro\MrGimmickVipPro\Utils.h(19,9): error C2146: syntax error: missing ';' before identifier 'ToWSTR'
C:\Users\nghoa\Desktop\MrGimmickVipPro\MrGimmickVipPro\Utils.h(21,19): error C2065: 'string': undeclared identifier
C:\Users\nghoa\Desktop\MrGimmickVipPro\MrGimmickVipPro\Utils.h(21,26): error C2146: syntax error: missing ')' before identifier 'st'
  tinystr.cpp
  tinyxml.cpp
  tinyxmlerror.cpp
  tinyxmlparser.cpp
  Utils.cpp
C:\Users\nghoa\Desktop\MrGimmickVipPro\MrGimmickVipPro\Utils.h(18,8): error C2065: 'string': undeclared identifier
C:\Users\nghoa\Desktop\MrGimmickVipPro\MrGimmickVipPro\Utils.h(18,1): error C2923: 'std::vector': 'string' is not a valid template type argument for parameter '_Ty'
C:\Users\nghoa\Desktop\MrGimmickVipPro\MrGimmickVipPro\Utils.h(18,1): error C2976: 'std::vector': too few template arguments
C:\Program Files (x86)\Microsoft Visual Studio\2019\Community\VC\Tools\MSVC\14.28.29910\include\vector(416): message : see declaration of 'std::vector'
C:\Users\nghoa\Desktop\MrGimmickVipPro\MrGimmickVipPro\Utils.h(18,22): error C2065: 'string': undeclared identifier
C:\Users\nghoa\Desktop\MrGimmickVipPro\MrGimmickVipPro\Utils.h(18,29): error C2146: syntax error: missing ')' before identifier 'line'
C:\Users\nghoa\Desktop\MrGimmickVipPro\MrGimmickVipPro\Utils.h(19,15): error C4430: missing type specifier - int assumed. Note: C++ does not support default-int
C:\Users\nghoa\Desktop\MrGimmickVipPro\MrGimmickVipPro\Utils.h(19,9): error C2146: syntax error: missing ';' before identifier 'ToWSTR'
C:\Users\nghoa\Desktop\MrGimmickVipPro\MrGimmickVipPro\Utils.h(21,19): error C2065: 'string': undeclared identifier
C:\Users\nghoa\Desktop\MrGimmickVipPro\MrGimmickVipPro\Utils.h(21,26): error C2146: syntax error: missing ')' before identifier 'st'
C:\Users\nghoa\Desktop\MrGimmickVipPro\MrGimmickVipPro\Utils.cpp(15,8): error C2065: 'string': undeclared identifier
C:\Users\nghoa\Desktop\MrGimmickVipPro\MrGimmickVipPro\Utils.cpp(15,1): error C2923: 'std::vector': 'string' is not a valid template type argument for parameter '_Ty'
C:\Users\nghoa\Desktop\MrGimmickVipPro\MrGimmickVipPro\Utils.cpp(15,1): error C2976: 'std::vector': too few template arguments
C:\Program Files (x86)\Microsoft Visual Studio\2019\Community\VC\Tools\MSVC\14.28.29910\include\vector(416): message : see declaration of 'std::vector'
C:\Users\nghoa\Desktop\MrGimmickVipPro\MrGimmickVipPro\Utils.cpp(15,22): error C2065: 'string': undeclared identifier
C:\Users\nghoa\Desktop\MrGimmickVipPro\MrGimmickVipPro\Utils.cpp(15,29): error C2146: syntax error: missing ')' before identifier 'line'
C:\Users\nghoa\Desktop\MrGimmickVipPro\MrGimmickVipPro\Utils.cpp(16,1): error C2143: syntax error: missing ';' before '{'
C:\Users\nghoa\Desktop\MrGimmickVipPro\MrGimmickVipPro\Utils.cpp(16,1): error C2447: '{': missing function header (old-style formal list?)
C:\Users\nghoa\Desktop\MrGimmickVipPro\MrGimmickVipPro\Utils.cpp(32,15): error C4430: missing type specifier - int assumed. Note: C++ does not support default-int
C:\Users\nghoa\Desktop\MrGimmickVipPro\MrGimmickVipPro\Utils.cpp(32,1): error C2086: 'int wstring': redefinition
C:\Users\nghoa\Desktop\MrGimmickVipPro\MrGimmickVipPro\Utils.h(19): message : see declaration of 'wstring'
C:\Users\nghoa\Desktop\MrGimmickVipPro\MrGimmickVipPro\Utils.cpp(32,9): error C2146: syntax error: missing ';' before identifier 'ToWSTR'
C:\Users\nghoa\Desktop\MrGimmickVipPro\MrGimmickVipPro\Utils.cpp(33,1): error C2143: syntax error: missing ';' before '{'
C:\Users\nghoa\Desktop\MrGimmickVipPro\MrGimmickVipPro\Utils.cpp(33,1): error C2447: '{': missing function header (old-style formal list?)
C:\Users\nghoa\Desktop\MrGimmickVipPro\MrGimmickVipPro\Utils.cpp(50,19): error C2065: 'string': undeclared identifier
C:\Users\nghoa\Desktop\MrGimmickVipPro\MrGimmickVipPro\Utils.cpp(50,26): error C2146: syntax error: missing ')' before identifier 'st'
C:\Users\nghoa\Desktop\MrGimmickVipPro\MrGimmickVipPro\Utils.cpp(51,1): error C2143: syntax error: missing ';' before '{'
C:\Users\nghoa\Desktop\MrGimmickVipPro\MrGimmickVipPro\Utils.cpp(51,1): error C2447: '{': missing function header (old-style formal list?)
